\BOOKMARK [0][]{chapter*.1}{Summary \(English\)}{}% 1
\BOOKMARK [0][]{chapter*.2}{Summary \(Danish\)}{}% 2
\BOOKMARK [0][]{chapter*.3}{Preface}{}% 3
\BOOKMARK [0][]{chapter*.4}{Acknowledgements}{}% 4
\BOOKMARK [0][]{toc.0}{Contents}{}% 5
\BOOKMARK [0][]{chapter.1}{1 Introduction}{}% 6
\BOOKMARK [1][]{section.1.1}{1.1 Related Works}{chapter.1}% 7
\BOOKMARK [1][]{section.1.2}{1.2 PDDL Background}{chapter.1}% 8
\BOOKMARK [0][]{chapter.2}{2 The Astro Kid World}{}% 9
\BOOKMARK [0][]{chapter.3}{3 General Planning}{}% 10
\BOOKMARK [1][]{section.3.1}{3.1 PDDL}{chapter.3}% 11
\BOOKMARK [2][]{subsection.3.1.1}{3.1.1 Problem Representation}{section.3.1}% 12
\BOOKMARK [2][]{subsection.3.1.2}{3.1.2 Classic Approach}{section.3.1}% 13
\BOOKMARK [2][]{subsection.3.1.3}{3.1.3 Update Approach}{section.3.1}% 14
\BOOKMARK [1][]{section.3.2}{3.2 Tests}{chapter.3}% 15
\BOOKMARK [2][]{subsection.3.2.1}{3.2.1 Plan Quality}{section.3.2}% 16
\BOOKMARK [2][]{subsection.3.2.2}{3.2.2 Speed}{section.3.2}% 17
\BOOKMARK [2][]{subsection.3.2.3}{3.2.3 Heuritics}{section.3.2}% 18
\BOOKMARK [2][]{subsection.3.2.4}{3.2.4 Remarks on general planning and Astro Kid}{section.3.2}% 19
\BOOKMARK [0][]{chapter.4}{4 Learning}{}% 20
\BOOKMARK [1][]{section.4.1}{4.1 Learning in Astro Kid}{chapter.4}% 21
\BOOKMARK [1][]{section.4.2}{4.2 Basic learning}{chapter.4}% 22
\BOOKMARK [1][]{section.4.3}{4.3 Generating the action schema}{chapter.4}% 23
\BOOKMARK [1][]{section.4.4}{4.4 How does it work?}{chapter.4}% 24
\BOOKMARK [1][]{section.4.5}{4.5 Extending the domain}{chapter.4}% 25
\BOOKMARK [2][]{subsection.4.5.1}{4.5.1 Conditionals}{section.4.5}% 26
\BOOKMARK [2][]{subsection.4.5.2}{4.5.2 Disjunction}{section.4.5}% 27
\BOOKMARK [2][]{subsection.4.5.3}{4.5.3 Quantifiers}{section.4.5}% 28
\BOOKMARK [1][]{section.4.6}{4.6 Generating the action schema}{chapter.4}% 29
\BOOKMARK [1][]{section.4.7}{4.7 How does it work?}{chapter.4}% 30
\BOOKMARK [0][]{chapter.5}{5 Proof of concept}{}% 31
\BOOKMARK [1][]{section.5.1}{5.1 World Simulation}{chapter.5}% 32
\BOOKMARK [2][]{subsection.5.1.1}{5.1.1 Backend of the Simulation}{section.5.1}% 33
\BOOKMARK [2][]{subsection.5.1.2}{5.1.2 GUI}{section.5.1}% 34
\BOOKMARK [2][]{subsection.5.1.3}{5.1.3 Solving Problems}{section.5.1}% 35
\BOOKMARK [1][]{section.5.2}{5.2 Learning}{chapter.5}% 36
\BOOKMARK [0][]{chapter.6}{6 Conclusion}{}% 37
\BOOKMARK [1][]{section.6.1}{6.1 Future Work}{chapter.6}% 38
\BOOKMARK [0][]{appendix.A}{A PDDL}{}% 39
\BOOKMARK [1][]{section.A.1}{A.1 Blocks domain}{appendix.A}% 40
\BOOKMARK [2][]{subsection.A.1.1}{A.1.1 Problem Description}{section.A.1}% 41
\BOOKMARK [2][]{subsection.A.1.2}{A.1.2 Domain Description}{section.A.1}% 42
\BOOKMARK [1][]{section.A.2}{A.2 Domain Variation}{appendix.A}% 43
\BOOKMARK [2][]{subsection.A.2.1}{A.2.1 Original}{section.A.2}% 44
\BOOKMARK [2][]{subsection.A.2.2}{A.2.2 Changed}{section.A.2}% 45
\BOOKMARK [0][]{appendix.B}{B Astro Kid}{}% 46
\BOOKMARK [1][]{section.B.1}{B.1 Astro Kid Rules}{appendix.B}% 47
\BOOKMARK [1][]{section.B.2}{B.2 Astro Kid Levels}{appendix.B}% 48
\BOOKMARK [0][]{appendix.C}{C Learning}{}% 49
\BOOKMARK [1][]{section.C.1}{C.1 Grounding}{appendix.C}% 50
\BOOKMARK [0][]{lstnumber.-11.145}{Bibliography}{}% 51
